[2021-12-18 00:50:36] [ERROR]: Protocol -> test long message server response latency error: Get "https://ssl.htdata.qq.com": dial tcp: lookup ssl.htdata.qq.com: no such host 
[2021-12-18 00:50:36] [ERROR]: Protocol -> resolve long message server error: lookup ssl.htdata.qq.com: no such host 
[2021-12-18 00:50:36] [ERROR]: 错误: 长消息服务器延迟测试失败, 可能导致无法接收/发送长消息的情况, 请检查本地网络状态. 如果您使用的腾讯云服务器, 请修改DNS到114.114.114.114 
[2021-12-18 00:50:36] [ERROR]: 错误: 长消息服务器响应延迟测试失败, 可能导致无法接收/发送长消息的情况, 请检查本地网络状态. 如果您使用的腾讯云服务器, 请修改DNS到114.114.114.114 
[2021-12-18 01:02:28] [WARNING]: 转换CQ码 ({"type":"image","data":{"file":"images\/videoCover\/av3402945Cover.png"}}) 到MiraiGo Element时出现错误: invalid image 将忽略本段CQ码. 
[2021-12-18 01:02:28] [WARNING]: 群消息发送失败: 消息为空. 
[2021-12-18 01:05:51] [WARNING]: 转换CQ码 ({"type":"image","data":{"file":"BotLogic\/images\/videoCover\/av3402945Cover.png"}}) 到MiraiGo Element时出现错误: invalid image 将忽略本段CQ码. 
[2021-12-18 01:05:51] [WARNING]: 群消息发送失败: 消息为空. 
[2021-12-18 01:08:05] [WARNING]: 转换CQ码 ({"type":"image","data":{"file":".\/BotLogic\/images\/videoCover\/av3402945Cover.png"}}) 到MiraiGo Element时出现错误: invalid image 将忽略本段CQ码. 
[2021-12-18 01:08:05] [WARNING]: 群消息发送失败: 消息为空. 
[2021-12-18 01:10:42] [WARNING]: 转换CQ码 ({"type":"image","data":{"file":"D:\\Project\\CodeTrainning\\QQBot\\BotGloway\/BotLogic\/images\/videoCover\/av3402945Cover.png"}}) 到MiraiGo Element时出现错误: invalid image 将忽略本段CQ码. 
[2021-12-18 01:10:42] [WARNING]: 群消息发送失败: 消息为空. 
[2021-12-18 01:18:03] [WARNING]: 转换CQ码 ({"type":"image","data":{"file":"D:\\Project\\CodeTrainning\\QQBot\\BotGloway\\BotLogic\\images\\videoCover\\av3402945Cover.png"}}) 到MiraiGo Element时出现错误: invalid image 将忽略本段CQ码. 
[2021-12-18 01:18:03] [WARNING]: 群消息发送失败: 消息为空. 
[2021-12-18 01:24:41] [WARNING]: 转换CQ码 ({"type":"image","data":{"file":"BotLogic\/images\/videoCover\/av3402945Cover.png"}}) 到MiraiGo Element时出现错误: invalid image 将忽略本段CQ码. 
[2021-12-18 01:24:41] [WARNING]: 群消息发送失败: 消息为空. 
[2021-12-18 12:34:54] [WARNING]: 警告: 本地连接媒体服务器丢包率为 10%, 可能导致无法上传/下载媒体文件, 无法上传群共享, 无法发送消息等情况, 请检查本地网络状态. 
[2021-12-18 12:36:43] [WARNING]: 警告: 本地连接媒体服务器丢包率为 10%, 可能导致无法上传/下载媒体文件, 无法上传群共享, 无法发送消息等情况, 请检查本地网络状态. 
[2021-12-18 12:40:06] [WARNING]: 警告: 本地连接聊天服务器丢包率为 10%, 可能出现消息丢失/延迟或频繁掉线等情况, 请检查本地网络状态. 
[2021-12-18 12:40:06] [WARNING]: 警告: 本地连接媒体服务器丢包率为 20%, 可能导致无法上传/下载媒体文件, 无法上传群共享, 无法发送消息等情况, 请检查本地网络状态. 
[2021-12-18 12:43:41] [WARNING]: 监听反向WS Universal时出现错误: websocket: close 1000 (normal) 
[2021-12-18 12:43:43] [WARNING]: 向反向WS Universal服务器推送 Event 时出现错误: websocket: close sent 
[2021-12-18 15:55:08] [WARNING]: 转换CQ码 ({"type":"image","data":{"file":"https:\/\/i0.hdslb.com\/bfs\/album\/cd24a5589f1362f189f45fe72b8c778e5b2b4ce3.jpg"}}) 到MiraiGo Element时出现错误: read tcp 192.168.1.101:62828->45.43.48.141:443: wsarecv: An existing connection was forcibly closed by the remote host. 将忽略本段CQ码. 
[2021-12-18 19:58:56] [WARNING]: 警告: 本地连接聊天服务器丢包率为 10%, 可能出现消息丢失/延迟或频繁掉线等情况, 请检查本地网络状态. 
[2021-12-18 19:58:56] [WARNING]: 警告: 媒体服务器延迟为 1019ms，大于 1000ms, 可能导致无法上传/下载媒体文件, 无法上传群共享, 无法发送消息等情况, 请检查本地网络状态. 
[2021-12-18 19:58:56] [WARNING]: 警告: 本地连接媒体服务器丢包率为 10%, 可能导致无法上传/下载媒体文件, 无法上传群共享, 无法发送消息等情况, 请检查本地网络状态. 
